<?xml version="1.0" encoding="UTF-8"?>
<robot generator="Robot 4.0.3 (Python 3.9.2 on win32)" generated="20210626 12:31:45.424" rpa="false" schemaversion="2">
<suite id="s1" name="Compraspagehome Tc" source="C:\AUTOMACAO\everis\everis-automation-web\tests\compraspagehome_tc.robot">
<test id="s1-t1" name="TC-01: LOGIN - VALIDAR DADOS DE ACESSO">
<kw name="Abrir Navegador" library="setup" type="SETUP">
<kw name="Open Browser" library="SeleniumLibrary">
<arg>${URL}</arg>
<arg>${BROWSER}</arg>
<arg>options=add_argument("--start-maximized")</arg>
<doc>Opens a new browser instance to the optional ``url``.</doc>
<msg timestamp="20210626 12:31:46.291" level="INFO">Opening browser 'chrome' to base url 'http://automationpractice.com/'.</msg>
<status status="PASS" starttime="20210626 12:31:46.290" endtime="20210626 12:31:52.428"/>
</kw>
<status status="PASS" starttime="20210626 12:31:46.290" endtime="20210626 12:31:52.428"/>
</kw>
<kw name="Dado" library="BDDpt-BR">
<arg>que esteja no site na pagina home</arg>
<kw name="Run Keyword" library="BuiltIn">
<arg>@{keyword}</arg>
<doc>Executes the given keyword with the given arguments.</doc>
<kw name="que esteja no site na pagina home" library="compraspagehome_st">
<kw name="Set Selenium Speed" library="SeleniumLibrary">
<arg>0.2 seconds</arg>
<doc>Sets the delay that is waited after each Selenium command.</doc>
<status status="PASS" starttime="20210626 12:31:52.430" endtime="20210626 12:31:52.431"/>
</kw>
<kw name="Wait Until Element Is Visible" library="SeleniumLibrary">
<arg>${HOMEPG.cmpLogoSite}</arg>
<doc>Waits until the element ``locator`` is visible.</doc>
<status status="PASS" starttime="20210626 12:31:52.431" endtime="20210626 12:31:52.911"/>
</kw>
<kw name="Element Should Be Visible" library="SeleniumLibrary">
<arg>${HOMEPG.cmpSearchHome}</arg>
<doc>Verifies that the element identified by ``locator`` is visible.</doc>
<msg timestamp="20210626 12:31:53.358" level="INFO">Element 'id:search_query_top' is displayed.</msg>
<status status="PASS" starttime="20210626 12:31:52.911" endtime="20210626 12:31:53.358"/>
</kw>
<kw name="Sleep" library="BuiltIn">
<arg>3s</arg>
<doc>Pauses the test executed for the given time.</doc>
<msg timestamp="20210626 12:31:56.362" level="INFO">Slept 3 seconds</msg>
<status status="PASS" starttime="20210626 12:31:53.358" endtime="20210626 12:31:56.362"/>
</kw>
<status status="PASS" starttime="20210626 12:31:52.430" endtime="20210626 12:31:56.363"/>
</kw>
<status status="PASS" starttime="20210626 12:31:52.429" endtime="20210626 12:31:56.363"/>
</kw>
<status status="PASS" starttime="20210626 12:31:52.428" endtime="20210626 12:31:56.364"/>
</kw>
<kw name="E" library="BDDpt-BR">
<arg>no Topo site clique no botão Sign in</arg>
<kw name="Run Keyword" library="BuiltIn">
<arg>@{keyword}</arg>
<doc>Executes the given keyword with the given arguments.</doc>
<kw name="no Topo site clique no botão Sign in" library="compraspagehome_st">
<kw name="Set Selenium Speed" library="SeleniumLibrary">
<arg>0.2 seconds</arg>
<doc>Sets the delay that is waited after each Selenium command.</doc>
<status status="PASS" starttime="20210626 12:31:56.370" endtime="20210626 12:31:56.371"/>
</kw>
<kw name="Set Focus To Element" library="SeleniumLibrary">
<arg>${HOMEPG.btnSignIn}</arg>
<doc>Sets the focus to the element identified by ``locator``.</doc>
<status status="PASS" starttime="20210626 12:31:56.372" endtime="20210626 12:31:56.834"/>
</kw>
<kw name="Click Element" library="SeleniumLibrary">
<arg>${HOMEPG.btnSignIn}</arg>
<doc>Click the element identified by ``locator``.</doc>
<msg timestamp="20210626 12:31:56.837" level="INFO">Clicking element 'xpath://a[@class='login'][contains(.,'Sign in')]'.</msg>
<status status="PASS" starttime="20210626 12:31:56.835" endtime="20210626 12:31:59.531"/>
</kw>
<kw name="Sleep" library="BuiltIn">
<arg>3s</arg>
<doc>Pauses the test executed for the given time.</doc>
<msg timestamp="20210626 12:32:02.546" level="INFO">Slept 3 seconds</msg>
<status status="PASS" starttime="20210626 12:31:59.533" endtime="20210626 12:32:02.546"/>
</kw>
<status status="PASS" starttime="20210626 12:31:56.369" endtime="20210626 12:32:02.547"/>
</kw>
<status status="PASS" starttime="20210626 12:31:56.368" endtime="20210626 12:32:02.547"/>
</kw>
<status status="PASS" starttime="20210626 12:31:56.366" endtime="20210626 12:32:02.548"/>
</kw>
<kw name="E" library="BDDpt-BR">
<arg>no campo grid Email insira email válido</arg>
<kw name="Run Keyword" library="BuiltIn">
<arg>@{keyword}</arg>
<doc>Executes the given keyword with the given arguments.</doc>
<kw name="no campo grid Email insira email válido" library="compraspagehome_st">
<kw name="Set Selenium Speed" library="SeleniumLibrary">
<arg>0.2 seconds</arg>
<doc>Sets the delay that is waited after each Selenium command.</doc>
<status status="PASS" starttime="20210626 12:32:02.552" endtime="20210626 12:32:02.552"/>
</kw>
<kw name="Wait Until Element Is Visible" library="SeleniumLibrary">
<arg>${USERS.cmpTitleAutenticação}</arg>
<doc>Waits until the element ``locator`` is visible.</doc>
<status status="PASS" starttime="20210626 12:32:02.552" endtime="20210626 12:32:02.989"/>
</kw>
<kw name="Scroll Element Into View" library="SeleniumLibrary">
<arg>${USERS.btnSignIn}</arg>
<doc>Scrolls the element identified by ``locator`` into view.</doc>
<status status="PASS" starttime="20210626 12:32:02.990" endtime="20210626 12:32:03.724"/>
</kw>
<kw name="Wait Until Element Is Visible" library="SeleniumLibrary">
<arg>${USERS.cmpEmail}</arg>
<doc>Waits until the element ``locator`` is visible.</doc>
<status status="PASS" starttime="20210626 12:32:03.724" endtime="20210626 12:32:04.145"/>
</kw>
<kw name="Click Element" library="SeleniumLibrary">
<arg>${USERS.cmpEmail}</arg>
<doc>Click the element identified by ``locator``.</doc>
<msg timestamp="20210626 12:32:04.145" level="INFO">Clicking element 'id:email'.</msg>
<status status="PASS" starttime="20210626 12:32:04.145" endtime="20210626 12:32:04.651"/>
</kw>
<kw name="Input Text" library="SeleniumLibrary">
<arg>${USERS.cmpEmail}</arg>
<arg>${user.valido}</arg>
<doc>Types the given ``text`` into the text field identified by ``locator``.</doc>
<msg timestamp="20210626 12:32:04.653" level="INFO">Typing text 'email@email.email' into text field 'id:email'.</msg>
<status status="PASS" starttime="20210626 12:32:04.651" endtime="20210626 12:32:05.404"/>
</kw>
<kw name="Sleep" library="BuiltIn">
<arg>2s</arg>
<doc>Pauses the test executed for the given time.</doc>
<msg timestamp="20210626 12:32:07.418" level="INFO">Slept 2 seconds</msg>
<status status="PASS" starttime="20210626 12:32:05.405" endtime="20210626 12:32:07.418"/>
</kw>
<status status="PASS" starttime="20210626 12:32:02.551" endtime="20210626 12:32:07.419"/>
</kw>
<status status="PASS" starttime="20210626 12:32:02.551" endtime="20210626 12:32:07.419"/>
</kw>
<status status="PASS" starttime="20210626 12:32:02.550" endtime="20210626 12:32:07.420"/>
</kw>
<kw name="E" library="BDDpt-BR">
<arg>no campo drid senha insira senha válida</arg>
<kw name="Run Keyword" library="BuiltIn">
<arg>@{keyword}</arg>
<doc>Executes the given keyword with the given arguments.</doc>
<kw name="no campo drid senha insira senha válida" library="compraspagehome_st">
<kw name="Set Selenium Speed" library="SeleniumLibrary">
<arg>0.2 seconds</arg>
<doc>Sets the delay that is waited after each Selenium command.</doc>
<status status="PASS" starttime="20210626 12:32:07.427" endtime="20210626 12:32:07.429"/>
</kw>
<kw name="Click Element" library="SeleniumLibrary">
<arg>${USERS.cmpPassWd}</arg>
<doc>Click the element identified by ``locator``.</doc>
<msg timestamp="20210626 12:32:07.434" level="INFO">Clicking element 'id:passwd'.</msg>
<status status="PASS" starttime="20210626 12:32:07.430" endtime="20210626 12:32:07.945"/>
</kw>
<kw name="Input Text" library="SeleniumLibrary">
<arg>${USERS.cmpPassWd}</arg>
<arg>${password.valido}</arg>
<doc>Types the given ``text`` into the text field identified by ``locator``.</doc>
<msg timestamp="20210626 12:32:07.953" level="INFO">Typing text 'tester123' into text field 'id:passwd'.</msg>
<status status="PASS" starttime="20210626 12:32:07.946" endtime="20210626 12:32:08.705"/>
</kw>
<kw name="Sleep" library="BuiltIn">
<arg>2s</arg>
<doc>Pauses the test executed for the given time.</doc>
<msg timestamp="20210626 12:32:10.720" level="INFO">Slept 2 seconds</msg>
<status status="PASS" starttime="20210626 12:32:08.706" endtime="20210626 12:32:10.721"/>
</kw>
<status status="PASS" starttime="20210626 12:32:07.425" endtime="20210626 12:32:10.721"/>
</kw>
<status status="PASS" starttime="20210626 12:32:07.424" endtime="20210626 12:32:10.722"/>
</kw>
<status status="PASS" starttime="20210626 12:32:07.422" endtime="20210626 12:32:10.722"/>
</kw>
<kw name="E" library="BDDpt-BR">
<arg>clique no botão Sign in</arg>
<kw name="Run Keyword" library="BuiltIn">
<arg>@{keyword}</arg>
<doc>Executes the given keyword with the given arguments.</doc>
<kw name="clique no botão Sign in" library="compraspagehome_st">
<kw name="Set Selenium Speed" library="SeleniumLibrary">
<arg>0.2 seconds</arg>
<doc>Sets the delay that is waited after each Selenium command.</doc>
<status status="PASS" starttime="20210626 12:32:10.725" endtime="20210626 12:32:10.726"/>
</kw>
<kw name="Wait Until Element Is Visible" library="SeleniumLibrary">
<arg>${USERS.btnSignIn}</arg>
<doc>Waits until the element ``locator`` is visible.</doc>
<status status="PASS" starttime="20210626 12:32:10.726" endtime="20210626 12:32:11.174"/>
</kw>
<kw name="Click Element" library="SeleniumLibrary">
<arg>${USERS.btnSignIn}</arg>
<doc>Click the element identified by ``locator``.</doc>
<msg timestamp="20210626 12:32:11.175" level="INFO">Clicking element 'id:SubmitLogin'.</msg>
<status status="PASS" starttime="20210626 12:32:11.174" endtime="20210626 12:32:13.239"/>
</kw>
<kw name="Element Should Not Be Visible" library="SeleniumLibrary">
<arg>${USERS.MsgErroAlertLogin}</arg>
<doc>Verifies that the element identified by ``locator`` is NOT visible.</doc>
<msg timestamp="20210626 12:32:13.501" level="INFO">Element 'xpath:(//div[contains(@class,'alert alert-danger')])[1]' did not exist.</msg>
<status status="PASS" starttime="20210626 12:32:13.240" endtime="20210626 12:32:13.501"/>
</kw>
<kw name="Sleep" library="BuiltIn">
<arg>2s</arg>
<doc>Pauses the test executed for the given time.</doc>
<msg timestamp="20210626 12:32:15.513" level="INFO">Slept 2 seconds</msg>
<status status="PASS" starttime="20210626 12:32:13.501" endtime="20210626 12:32:15.513"/>
</kw>
<status status="PASS" starttime="20210626 12:32:10.725" endtime="20210626 12:32:15.513"/>
</kw>
<status status="PASS" starttime="20210626 12:32:10.725" endtime="20210626 12:32:15.513"/>
</kw>
<status status="PASS" starttime="20210626 12:32:10.724" endtime="20210626 12:32:15.513"/>
</kw>
<kw name="Quando" library="BDDpt-BR">
<arg>clicado no botão Sign in não deve aparecer alerta erro login</arg>
<kw name="Run Keyword" library="BuiltIn">
<arg>@{keyword}</arg>
<doc>Executes the given keyword with the given arguments.</doc>
<kw name="clicado no botão Sign in não deve aparecer alerta erro login" library="compraspagehome_st">
<kw name="Set Selenium Speed" library="SeleniumLibrary">
<arg>0.2 seconds</arg>
<doc>Sets the delay that is waited after each Selenium command.</doc>
<status status="PASS" starttime="20210626 12:32:15.522" endtime="20210626 12:32:15.523"/>
</kw>
<kw name="Element Should Not Be Visible" library="SeleniumLibrary">
<arg>${USERS.MsgErroAlertLogin}</arg>
<doc>Verifies that the element identified by ``locator`` is NOT visible.</doc>
<msg timestamp="20210626 12:32:15.734" level="INFO">Element 'xpath:(//div[contains(@class,'alert alert-danger')])[1]' did not exist.</msg>
<status status="PASS" starttime="20210626 12:32:15.523" endtime="20210626 12:32:15.734"/>
</kw>
<kw name="Sleep" library="BuiltIn">
<arg>2s</arg>
<doc>Pauses the test executed for the given time.</doc>
<msg timestamp="20210626 12:32:17.748" level="INFO">Slept 2 seconds</msg>
<status status="PASS" starttime="20210626 12:32:15.734" endtime="20210626 12:32:17.748"/>
</kw>
<status status="PASS" starttime="20210626 12:32:15.522" endtime="20210626 12:32:17.748"/>
</kw>
<status status="PASS" starttime="20210626 12:32:15.519" endtime="20210626 12:32:17.748"/>
</kw>
<status status="PASS" starttime="20210626 12:32:15.513" endtime="20210626 12:32:17.748"/>
</kw>
<kw name="Então" library="BDDpt-BR">
<arg>deverá ser exibido a tela do usuario logado</arg>
<kw name="Run Keyword" library="BuiltIn">
<arg>@{keyword}</arg>
<doc>Executes the given keyword with the given arguments.</doc>
<kw name="deverá ser exibido a tela do usuario logado" library="compraspagehome_st">
<kw name="Set Selenium Speed" library="SeleniumLibrary">
<arg>0.2 seconds</arg>
<doc>Sets the delay that is waited after each Selenium command.</doc>
<status status="PASS" starttime="20210626 12:32:17.758" endtime="20210626 12:32:17.758"/>
</kw>
<kw name="Wait Until Element Is Visible" library="SeleniumLibrary">
<arg>${USERS.cmpMyAccount}</arg>
<doc>Waits until the element ``locator`` is visible.</doc>
<status status="PASS" starttime="20210626 12:32:17.759" endtime="20210626 12:32:18.217"/>
</kw>
<kw name="Scroll Element Into View" library="SeleniumLibrary">
<arg>${USERS.btnHome}</arg>
<doc>Scrolls the element identified by ``locator`` into view.</doc>
<status status="PASS" starttime="20210626 12:32:18.217" endtime="20210626 12:32:18.931"/>
</kw>
<kw name="Click Element" library="SeleniumLibrary">
<arg>${USERS.btnHome}</arg>
<doc>Click the element identified by ``locator``.</doc>
<msg timestamp="20210626 12:32:18.931" level="INFO">Clicking element 'xpath://span[contains(.,'Home')]'.</msg>
<status status="PASS" starttime="20210626 12:32:18.931" endtime="20210626 12:32:22.301"/>
</kw>
<kw name="Wait Until Element Is Visible" library="SeleniumLibrary">
<arg>${HOMEPG.cmpSearchHome}</arg>
<doc>Waits until the element ``locator`` is visible.</doc>
<status status="PASS" starttime="20210626 12:32:22.302" endtime="20210626 12:32:22.760"/>
</kw>
<kw name="Sleep" library="BuiltIn">
<arg>3s</arg>
<doc>Pauses the test executed for the given time.</doc>
<msg timestamp="20210626 12:32:25.768" level="INFO">Slept 3 seconds</msg>
<status status="PASS" starttime="20210626 12:32:22.761" endtime="20210626 12:32:25.769"/>
</kw>
<status status="PASS" starttime="20210626 12:32:17.757" endtime="20210626 12:32:25.770"/>
</kw>
<status status="PASS" starttime="20210626 12:32:17.755" endtime="20210626 12:32:25.770"/>
</kw>
<status status="PASS" starttime="20210626 12:32:17.748" endtime="20210626 12:32:25.771"/>
</kw>
<kw name="Fechar Navegador" library="teardown" type="TEARDOWN">
<kw name="Close Browser" library="SeleniumLibrary">
<doc>Closes the current browser.</doc>
<status status="PASS" starttime="20210626 12:32:25.774" endtime="20210626 12:32:28.131"/>
</kw>
<status status="PASS" starttime="20210626 12:32:25.773" endtime="20210626 12:32:28.131"/>
</kw>
<tag>STRESS_Tests</tag>
<status status="PASS" starttime="20210626 12:31:46.289" endtime="20210626 12:32:28.131"/>
</test>
<test id="s1-t2" name="TC-02: COMPRAR - 01 ITEM | USER LOGADO | VALIDAR TOTAL COMPRA">
<kw name="Abrir Navegador" library="setup" type="SETUP">
<kw name="Open Browser" library="SeleniumLibrary">
<arg>${URL}</arg>
<arg>${BROWSER}</arg>
<arg>options=add_argument("--start-maximized")</arg>
<doc>Opens a new browser instance to the optional ``url``.</doc>
<msg timestamp="20210626 12:32:28.141" level="INFO">Opening browser 'chrome' to base url 'http://automationpractice.com/'.</msg>
<status status="PASS" starttime="20210626 12:32:28.139" endtime="20210626 12:32:35.889"/>
</kw>
<status status="PASS" starttime="20210626 12:32:28.139" endtime="20210626 12:32:35.891"/>
</kw>
<kw name="Dado" library="BDDpt-BR">
<arg>que esteja logado no site na pagina home</arg>
<kw name="Run Keyword" library="BuiltIn">
<arg>@{keyword}</arg>
<doc>Executes the given keyword with the given arguments.</doc>
<kw name="que esteja logado no site na pagina home" library="compraspagehome_st">
<kw name="Set Selenium Speed" library="SeleniumLibrary">
<arg>0.2 seconds</arg>
<doc>Sets the delay that is waited after each Selenium command.</doc>
<status status="PASS" starttime="20210626 12:32:35.901" endtime="20210626 12:32:35.910"/>
</kw>
<kw name="Wait Until Element Is Visible" library="SeleniumLibrary">
<arg>${HOMEPG.cmpLogoSite}</arg>
<doc>Waits until the element ``locator`` is visible.</doc>
<status status="PASS" starttime="20210626 12:32:35.911" endtime="20210626 12:32:36.423"/>
</kw>
<kw name="Element Should Be Visible" library="SeleniumLibrary">
<arg>${HOMEPG.cmpSearchHome}</arg>
<doc>Verifies that the element identified by ``locator`` is visible.</doc>
<msg timestamp="20210626 12:32:36.867" level="INFO">Element 'id:search_query_top' is displayed.</msg>
<status status="PASS" starttime="20210626 12:32:36.423" endtime="20210626 12:32:36.867"/>
</kw>
<kw name="Set Focus To Element" library="SeleniumLibrary">
<arg>${HOMEPG.btnSignIn}</arg>
<doc>Sets the focus to the element identified by ``locator``.</doc>
<status status="PASS" starttime="20210626 12:32:36.867" endtime="20210626 12:32:37.311"/>
</kw>
<kw name="Click Element" library="SeleniumLibrary">
<arg>${HOMEPG.btnSignIn}</arg>
<doc>Click the element identified by ``locator``.</doc>
<msg timestamp="20210626 12:32:37.313" level="INFO">Clicking element 'xpath://a[@class='login'][contains(.,'Sign in')]'.</msg>
<status status="PASS" starttime="20210626 12:32:37.311" endtime="20210626 12:32:40.058"/>
</kw>
<kw name="Wait Until Element Is Visible" library="SeleniumLibrary">
<arg>${USERS.cmpTitleAutenticação}</arg>
<doc>Waits until the element ``locator`` is visible.</doc>
<status status="PASS" starttime="20210626 12:32:40.058" endtime="20210626 12:32:40.486"/>
</kw>
<kw name="Scroll Element Into View" library="SeleniumLibrary">
<arg>${USERS.btnSignIn}</arg>
<doc>Scrolls the element identified by ``locator`` into view.</doc>
<status status="PASS" starttime="20210626 12:32:40.486" endtime="20210626 12:32:41.168"/>
</kw>
<kw name="Wait Until Element Is Visible" library="SeleniumLibrary">
<arg>${USERS.cmpEmail}</arg>
<doc>Waits until the element ``locator`` is visible.</doc>
<status status="PASS" starttime="20210626 12:32:41.168" endtime="20210626 12:32:41.574"/>
</kw>
<kw name="Click Element" library="SeleniumLibrary">
<arg>${USERS.cmpEmail}</arg>
<doc>Click the element identified by ``locator``.</doc>
<msg timestamp="20210626 12:32:41.574" level="INFO">Clicking element 'id:email'.</msg>
<status status="PASS" starttime="20210626 12:32:41.574" endtime="20210626 12:32:42.050"/>
</kw>
<kw name="Input Text" library="SeleniumLibrary">
<arg>${USERS.cmpEmail}</arg>
<arg>${user.valido}</arg>
<doc>Types the given ``text`` into the text field identified by ``locator``.</doc>
<msg timestamp="20210626 12:32:42.051" level="INFO">Typing text 'email@email.email' into text field 'id:email'.</msg>
<status status="PASS" starttime="20210626 12:32:42.050" endtime="20210626 12:32:42.783"/>
</kw>
<kw name="Click Element" library="SeleniumLibrary">
<arg>${USERS.cmpPassWd}</arg>
<doc>Click the element identified by ``locator``.</doc>
<msg timestamp="20210626 12:32:42.783" level="INFO">Clicking element 'id:passwd'.</msg>
<status status="PASS" starttime="20210626 12:32:42.783" endtime="20210626 12:32:43.286"/>
</kw>
<kw name="Input Text" library="SeleniumLibrary">
<arg>${USERS.cmpPassWd}</arg>
<arg>${password.valido}</arg>
<doc>Types the given ``text`` into the text field identified by ``locator``.</doc>
<msg timestamp="20210626 12:32:43.288" level="INFO">Typing text 'tester123' into text field 'id:passwd'.</msg>
<status status="PASS" starttime="20210626 12:32:43.286" endtime="20210626 12:32:43.997"/>
</kw>
<kw name="Sleep" library="BuiltIn">
<arg>2s</arg>
<doc>Pauses the test executed for the given time.</doc>
<msg timestamp="20210626 12:32:46.006" level="INFO">Slept 2 seconds</msg>
<status status="PASS" starttime="20210626 12:32:43.997" endtime="20210626 12:32:46.006"/>
</kw>
<kw name="Wait Until Element Is Visible" library="SeleniumLibrary">
<arg>${USERS.btnSignIn}</arg>
<doc>Waits until the element ``locator`` is visible.</doc>
<status status="PASS" starttime="20210626 12:32:46.006" endtime="20210626 12:32:46.435"/>
</kw>
<kw name="Click Element" library="SeleniumLibrary">
<arg>${USERS.btnSignIn}</arg>
<doc>Click the element identified by ``locator``.</doc>
<msg timestamp="20210626 12:32:46.441" level="INFO">Clicking element 'id:SubmitLogin'.</msg>
<status status="PASS" starttime="20210626 12:32:46.436" endtime="20210626 12:32:49.602"/>
</kw>
<kw name="Element Should Not Be Visible" library="SeleniumLibrary">
<arg>${USERS.MsgErroAlertLogin}</arg>
<doc>Verifies that the element identified by ``locator`` is NOT visible.</doc>
<msg timestamp="20210626 12:32:49.851" level="INFO">Element 'xpath:(//div[contains(@class,'alert alert-danger')])[1]' did not exist.</msg>
<status status="PASS" starttime="20210626 12:32:49.603" endtime="20210626 12:32:49.851"/>
</kw>
<kw name="Sleep" library="BuiltIn">
<arg>2s</arg>
<doc>Pauses the test executed for the given time.</doc>
<msg timestamp="20210626 12:32:51.863" level="INFO">Slept 2 seconds</msg>
<status status="PASS" starttime="20210626 12:32:49.851" endtime="20210626 12:32:51.863"/>
</kw>
<kw name="Wait Until Element Is Visible" library="SeleniumLibrary">
<arg>${USERS.cmpMyAccount}</arg>
<doc>Waits until the element ``locator`` is visible.</doc>
<status status="PASS" starttime="20210626 12:32:51.863" endtime="20210626 12:32:52.284"/>
</kw>
<kw name="Scroll Element Into View" library="SeleniumLibrary">
<arg>${USERS.btnHome}</arg>
<doc>Scrolls the element identified by ``locator`` into view.</doc>
<status status="PASS" starttime="20210626 12:32:52.284" endtime="20210626 12:32:53.011"/>
</kw>
<kw name="Click Element" library="SeleniumLibrary">
<arg>${USERS.btnHome}</arg>
<doc>Click the element identified by ``locator``.</doc>
<msg timestamp="20210626 12:32:53.011" level="INFO">Clicking element 'xpath://span[contains(.,'Home')]'.</msg>
<status status="PASS" starttime="20210626 12:32:53.011" endtime="20210626 12:32:55.616"/>
</kw>
<kw name="Wait Until Element Is Visible" library="SeleniumLibrary">
<arg>${HOMEPG.cmpSearchHome}</arg>
<doc>Waits until the element ``locator`` is visible.</doc>
<status status="PASS" starttime="20210626 12:32:55.617" endtime="20210626 12:32:56.099"/>
</kw>
<status status="PASS" starttime="20210626 12:32:35.898" endtime="20210626 12:32:56.100"/>
</kw>
<status status="PASS" starttime="20210626 12:32:35.896" endtime="20210626 12:32:56.100"/>
</kw>
<status status="PASS" starttime="20210626 12:32:35.893" endtime="20210626 12:32:56.101"/>
</kw>
<kw name="E" library="BDDpt-BR">
<arg>navegue até campo Popular</arg>
<kw name="Run Keyword" library="BuiltIn">
<arg>@{keyword}</arg>
<doc>Executes the given keyword with the given arguments.</doc>
<kw name="navegue até campo Popular" library="compraspagehome_st">
<kw name="Set Selenium Speed" library="SeleniumLibrary">
<arg>0.3 seconds</arg>
<doc>Sets the delay that is waited after each Selenium command.</doc>
<status status="PASS" starttime="20210626 12:32:56.111" endtime="20210626 12:32:56.113"/>
</kw>
<kw name="Scroll Element Into View" library="SeleniumLibrary">
<arg>${HOMEPG.cmpProdDisp01}</arg>
<doc>Scrolls the element identified by ``locator`` into view.</doc>
<status status="PASS" starttime="20210626 12:32:56.114" endtime="20210626 12:32:57.060"/>
</kw>
<kw name="Sleep" library="BuiltIn">
<arg>2s</arg>
<doc>Pauses the test executed for the given time.</doc>
<msg timestamp="20210626 12:32:59.075" level="INFO">Slept 2 seconds</msg>
<status status="PASS" starttime="20210626 12:32:57.060" endtime="20210626 12:32:59.075"/>
</kw>
<status status="PASS" starttime="20210626 12:32:56.108" endtime="20210626 12:32:59.075"/>
</kw>
<status status="PASS" starttime="20210626 12:32:56.105" endtime="20210626 12:32:59.075"/>
</kw>
<status status="PASS" starttime="20210626 12:32:56.103" endtime="20210626 12:32:59.075"/>
</kw>
<kw name="E" library="BDDpt-BR">
<arg>escolha algum item disponivel clique no botão Add to cart</arg>
<kw name="Run Keyword" library="BuiltIn">
<arg>@{keyword}</arg>
<doc>Executes the given keyword with the given arguments.</doc>
<kw name="escolha algum item disponivel clique no botão Add to cart" library="compraspagehome_st">
<kw name="Set Selenium Speed" library="SeleniumLibrary">
<arg>0.3 seconds</arg>
<doc>Sets the delay that is waited after each Selenium command.</doc>
<status status="PASS" starttime="20210626 12:32:59.086" endtime="20210626 12:32:59.088"/>
</kw>
<kw name="Click Element" library="SeleniumLibrary">
<arg>${HOMEPG.cmpProdDisp01}</arg>
<doc>Click the element identified by ``locator``.</doc>
<msg timestamp="20210626 12:32:59.098" level="INFO">Clicking element 'xpath://*[@id="homefeatured"]/li[2]'.</msg>
<status status="PASS" starttime="20210626 12:32:59.089" endtime="20210626 12:32:59.774"/>
</kw>
<kw name="Click Element" library="SeleniumLibrary">
<arg>${MYCAR.btnAddtoCar2}</arg>
<doc>Click the element identified by ``locator``.</doc>
<msg timestamp="20210626 12:32:59.774" level="INFO">Clicking element '//*[@id="homefeatured"]/li[2]/div/div[2]/div[2]/a[1]'.</msg>
<status status="PASS" starttime="20210626 12:32:59.774" endtime="20210626 12:33:00.489"/>
</kw>
<kw name="Sleep" library="BuiltIn">
<arg>2s</arg>
<doc>Pauses the test executed for the given time.</doc>
<msg timestamp="20210626 12:33:02.490" level="INFO">Slept 2 seconds</msg>
<status status="PASS" starttime="20210626 12:33:00.489" endtime="20210626 12:33:02.490"/>
</kw>
<status status="PASS" starttime="20210626 12:32:59.083" endtime="20210626 12:33:02.490"/>
</kw>
<status status="PASS" starttime="20210626 12:32:59.075" endtime="20210626 12:33:02.490"/>
</kw>
<status status="PASS" starttime="20210626 12:32:59.075" endtime="20210626 12:33:02.490"/>
</kw>
<kw name="Quando" library="BDDpt-BR">
<arg>na tela resumo compra valide campo Total products</arg>
<kw name="Run Keyword" library="BuiltIn">
<arg>@{keyword}</arg>
<doc>Executes the given keyword with the given arguments.</doc>
<kw name="na tela resumo compra valide campo Total products" library="compraspagehome_st">
<kw name="Set Selenium Speed" library="SeleniumLibrary">
<arg>0.6 seconds</arg>
<doc>Sets the delay that is waited after each Selenium command.</doc>
<status status="PASS" starttime="20210626 12:33:02.496" endtime="20210626 12:33:02.496"/>
</kw>
<kw name="Run Keyword And Return Status" library="BuiltIn">
<var>${your_shopping_cart}</var>
<arg>Element Should Be Visible</arg>
<arg>${MYCAR.cmpTitlePrdSucess}</arg>
<doc>Runs the given keyword with given arguments and returns the status as a Boolean value.</doc>
<kw name="Element Should Be Visible" library="SeleniumLibrary">
<arg>${MYCAR.cmpTitlePrdSucess}</arg>
<doc>Verifies that the element identified by ``locator`` is visible.</doc>
<msg timestamp="20210626 12:33:03.749" level="INFO">Element 'xpath://h2[contains(.,'Product successfully added to your shopping cart')]' is displayed.</msg>
<status status="PASS" starttime="20210626 12:33:02.498" endtime="20210626 12:33:03.749"/>
</kw>
<msg timestamp="20210626 12:33:03.749" level="INFO">${your_shopping_cart} = True</msg>
<status status="PASS" starttime="20210626 12:33:02.497" endtime="20210626 12:33:03.749"/>
</kw>
<if>
<branch type="IF" condition="&quot;${your_shopping_cart}&quot; == &quot;True&quot;">
<kw name="Click Element" library="SeleniumLibrary">
<arg>${MYCAR.cmpTitlePrdSucess}</arg>
<doc>Click the element identified by ``locator``.</doc>
<msg timestamp="20210626 12:33:03.749" level="INFO">Clicking element 'xpath://h2[contains(.,'Product successfully added to your shopping cart')]'.</msg>
<status status="PASS" starttime="20210626 12:33:03.749" endtime="20210626 12:33:05.017"/>
</kw>
<status status="PASS" starttime="20210626 12:33:03.749" endtime="20210626 12:33:05.017"/>
</branch>
<status status="PASS" starttime="20210626 12:33:03.749" endtime="20210626 12:33:05.017"/>
</if>
<kw name="Wait Until Element Is Visible" library="SeleniumLibrary">
<arg>${MYCAR.cmpYourCartTotal}</arg>
<doc>Waits until the element ``locator`` is visible.</doc>
<status status="PASS" starttime="20210626 12:33:05.017" endtime="20210626 12:33:06.265"/>
</kw>
<kw name="Sleep" library="BuiltIn">
<arg>2s</arg>
<doc>Pauses the test executed for the given time.</doc>
<msg timestamp="20210626 12:33:08.267" level="INFO">Slept 2 seconds</msg>
<status status="PASS" starttime="20210626 12:33:06.265" endtime="20210626 12:33:08.267"/>
</kw>
<kw name="Wait Until Element Is Visible" library="SeleniumLibrary">
<arg>${MYCAR.btnProcCheckOut}</arg>
<doc>Waits until the element ``locator`` is visible.</doc>
<status status="PASS" starttime="20210626 12:33:08.267" endtime="20210626 12:33:09.536"/>
</kw>
<kw name="Element Should Be Visible" library="SeleniumLibrary">
<arg>${MYCAR.cmpTotalProd}</arg>
<doc>Verifies that the element identified by ``locator`` is visible.</doc>
<msg timestamp="20210626 12:33:10.769" level="INFO">Element 'xpath://div[1]/div[2]/div[1]/span[text()='$27.00']' is displayed.</msg>
<status status="PASS" starttime="20210626 12:33:09.536" endtime="20210626 12:33:10.769"/>
</kw>
<kw name="Sleep" library="BuiltIn">
<arg>2s</arg>
<doc>Pauses the test executed for the given time.</doc>
<msg timestamp="20210626 12:33:12.772" level="INFO">Slept 2 seconds</msg>
<status status="PASS" starttime="20210626 12:33:10.770" endtime="20210626 12:33:12.772"/>
</kw>
<status status="PASS" starttime="20210626 12:33:02.496" endtime="20210626 12:33:12.772"/>
</kw>
<status status="PASS" starttime="20210626 12:33:02.496" endtime="20210626 12:33:12.772"/>
</kw>
<status status="PASS" starttime="20210626 12:33:02.490" endtime="20210626 12:33:12.772"/>
</kw>
<kw name="E" library="BDDpt-BR">
<arg>clique no botão Proceed to checkout</arg>
<kw name="Run Keyword" library="BuiltIn">
<arg>@{keyword}</arg>
<doc>Executes the given keyword with the given arguments.</doc>
<kw name="clique no botão Proceed to checkout" library="compraspagehome_st">
<kw name="Set Selenium Speed" library="SeleniumLibrary">
<arg>0.3 seconds</arg>
<doc>Sets the delay that is waited after each Selenium command.</doc>
<status status="PASS" starttime="20210626 12:33:12.778" endtime="20210626 12:33:12.778"/>
</kw>
<kw name="Click Element" library="SeleniumLibrary">
<arg>${MYCAR.btnProcCheckOut}</arg>
<doc>Click the element identified by ``locator``.</doc>
<msg timestamp="20210626 12:33:12.779" level="INFO">Clicking element 'xpath://a[@class='btn btn-default button button-medium'][contains(.,'Proceed to checkout')]'.</msg>
<status status="PASS" starttime="20210626 12:33:12.778" endtime="20210626 12:33:15.345"/>
</kw>
<kw name="Sleep" library="BuiltIn">
<arg>2s</arg>
<doc>Pauses the test executed for the given time.</doc>
<msg timestamp="20210626 12:33:17.354" level="INFO">Slept 2 seconds</msg>
<status status="PASS" starttime="20210626 12:33:15.346" endtime="20210626 12:33:17.354"/>
</kw>
<status status="PASS" starttime="20210626 12:33:12.778" endtime="20210626 12:33:17.354"/>
</kw>
<status status="PASS" starttime="20210626 12:33:12.772" endtime="20210626 12:33:17.354"/>
</kw>
<status status="PASS" starttime="20210626 12:33:12.772" endtime="20210626 12:33:17.354"/>
</kw>
<kw name="E" library="BDDpt-BR">
<arg>tela SHOPPING-CART SUMMARY será exibida com sucesso</arg>
<kw name="Run Keyword" library="BuiltIn">
<arg>@{keyword}</arg>
<doc>Executes the given keyword with the given arguments.</doc>
<kw name="tela SHOPPING-CART SUMMARY será exibida com sucesso" library="compraspagehome_st">
<kw name="Set Selenium Speed" library="SeleniumLibrary">
<arg>0.2 seconds</arg>
<doc>Sets the delay that is waited after each Selenium command.</doc>
<status status="PASS" starttime="20210626 12:33:17.359" endtime="20210626 12:33:17.359"/>
</kw>
<kw name="Wait Until Element Is Visible" library="SeleniumLibrary">
<arg>${MYCAR.cmpTitleMeuCarrinho}</arg>
<doc>Waits until the element ``locator`` is visible.</doc>
<status status="PASS" starttime="20210626 12:33:17.360" endtime="20210626 12:33:17.798"/>
</kw>
<kw name="Scroll Element Into View" library="SeleniumLibrary">
<arg>${MYCAR.btnProcCheckOut2}</arg>
<doc>Scrolls the element identified by ``locator`` into view.</doc>
<status status="PASS" starttime="20210626 12:33:17.798" endtime="20210626 12:33:18.528"/>
</kw>
<kw name="Sleep" library="BuiltIn">
<arg>3s</arg>
<doc>Pauses the test executed for the given time.</doc>
<msg timestamp="20210626 12:33:21.540" level="INFO">Slept 3 seconds</msg>
<status status="PASS" starttime="20210626 12:33:18.528" endtime="20210626 12:33:21.540"/>
</kw>
<status status="PASS" starttime="20210626 12:33:17.359" endtime="20210626 12:33:21.540"/>
</kw>
<status status="PASS" starttime="20210626 12:33:17.359" endtime="20210626 12:33:21.540"/>
</kw>
<status status="PASS" starttime="20210626 12:33:17.354" endtime="20210626 12:33:21.540"/>
</kw>
<kw name="E" library="BDDpt-BR">
<arg>verifique valor campo Unit price é mesmo valor Total products</arg>
<kw name="Run Keyword" library="BuiltIn">
<arg>@{keyword}</arg>
<doc>Executes the given keyword with the given arguments.</doc>
<kw name="verifique valor campo Unit price é mesmo valor Total products" library="compraspagehome_st">
<kw name="Set Selenium Speed" library="SeleniumLibrary">
<arg>0.2 seconds</arg>
<doc>Sets the delay that is waited after each Selenium command.</doc>
<status status="PASS" starttime="20210626 12:33:21.551" endtime="20210626 12:33:21.552"/>
</kw>
<kw name="Wait Until Element Is Visible" library="SeleniumLibrary">
<arg>${MYCAR.cmpUnitPrice}</arg>
<doc>Waits until the element ``locator`` is visible.</doc>
<status status="PASS" starttime="20210626 12:33:21.552" endtime="20210626 12:33:22.012"/>
</kw>
<kw name="Sleep" library="BuiltIn">
<arg>3s</arg>
<doc>Pauses the test executed for the given time.</doc>
<msg timestamp="20210626 12:33:25.013" level="INFO">Slept 3 seconds</msg>
<status status="PASS" starttime="20210626 12:33:22.012" endtime="20210626 12:33:25.013"/>
</kw>
<status status="PASS" starttime="20210626 12:33:21.549" endtime="20210626 12:33:25.013"/>
</kw>
<status status="PASS" starttime="20210626 12:33:21.547" endtime="20210626 12:33:25.013"/>
</kw>
<status status="PASS" starttime="20210626 12:33:21.540" endtime="20210626 12:33:25.013"/>
</kw>
<kw name="E" library="BDDpt-BR">
<arg>com valores validados clique no botão Proceed to checkout</arg>
<kw name="Run Keyword" library="BuiltIn">
<arg>@{keyword}</arg>
<doc>Executes the given keyword with the given arguments.</doc>
<kw name="com valores validados clique no botão Proceed to checkout" library="compraspagehome_st">
<kw name="Set Selenium Speed" library="SeleniumLibrary">
<arg>0.2 seconds</arg>
<doc>Sets the delay that is waited after each Selenium command.</doc>
<status status="PASS" starttime="20210626 12:33:25.019" endtime="20210626 12:33:25.020"/>
</kw>
<kw name="Click Element" library="SeleniumLibrary">
<arg>${MYCAR.btnProcCheckOut3}</arg>
<doc>Click the element identified by ``locator``.</doc>
<msg timestamp="20210626 12:33:25.020" level="INFO">Clicking element 'xpath://*[@id="center_column"]/p[2]/a[1]'.</msg>
<status status="PASS" starttime="20210626 12:33:25.020" endtime="20210626 12:33:26.838"/>
</kw>
<kw name="Sleep" library="BuiltIn">
<arg>3s</arg>
<doc>Pauses the test executed for the given time.</doc>
<msg timestamp="20210626 12:33:29.843" level="INFO">Slept 3 seconds</msg>
<status status="PASS" starttime="20210626 12:33:26.839" endtime="20210626 12:33:29.843"/>
</kw>
<status status="PASS" starttime="20210626 12:33:25.019" endtime="20210626 12:33:29.843"/>
</kw>
<status status="PASS" starttime="20210626 12:33:25.019" endtime="20210626 12:33:29.843"/>
</kw>
<status status="PASS" starttime="20210626 12:33:25.013" endtime="20210626 12:33:29.843"/>
</kw>
<kw name="E" library="BDDpt-BR">
<arg>na tela ADDRESSES clique no botão Proceed to checkout</arg>
<kw name="Run Keyword" library="BuiltIn">
<arg>@{keyword}</arg>
<doc>Executes the given keyword with the given arguments.</doc>
<kw name="na tela ADDRESSES clique no botão Proceed to checkout" library="compraspagehome_st">
<kw name="Set Selenium Speed" library="SeleniumLibrary">
<arg>0.2 seconds</arg>
<doc>Sets the delay that is waited after each Selenium command.</doc>
<status status="PASS" starttime="20210626 12:33:29.853" endtime="20210626 12:33:29.853"/>
</kw>
<kw name="Wait Until Element Is Visible" library="SeleniumLibrary">
<arg>${MYADDRESSES.cmpTitle}</arg>
<doc>Waits until the element ``locator`` is visible.</doc>
<status status="PASS" starttime="20210626 12:33:29.853" endtime="20210626 12:33:30.315"/>
</kw>
<kw name="Scroll Element Into View" library="SeleniumLibrary">
<arg>${MYADDRESSES.btnProcCheckOut}</arg>
<doc>Scrolls the element identified by ``locator`` into view.</doc>
<status status="PASS" starttime="20210626 12:33:30.315" endtime="20210626 12:33:31.028"/>
</kw>
<kw name="Click Element" library="SeleniumLibrary">
<arg>${MYADDRESSES.btnProcCheckOut}</arg>
<doc>Click the element identified by ``locator``.</doc>
<msg timestamp="20210626 12:33:31.028" level="INFO">Clicking element 'xpath://*[@id="center_column"]/form/p/button/span'.</msg>
<status status="PASS" starttime="20210626 12:33:31.028" endtime="20210626 12:33:33.286"/>
</kw>
<kw name="Sleep" library="BuiltIn">
<arg>3s</arg>
<doc>Pauses the test executed for the given time.</doc>
<msg timestamp="20210626 12:33:36.294" level="INFO">Slept 3 seconds</msg>
<status status="PASS" starttime="20210626 12:33:33.287" endtime="20210626 12:33:36.294"/>
</kw>
<status status="PASS" starttime="20210626 12:33:29.852" endtime="20210626 12:33:36.294"/>
</kw>
<status status="PASS" starttime="20210626 12:33:29.851" endtime="20210626 12:33:36.294"/>
</kw>
<status status="PASS" starttime="20210626 12:33:29.843" endtime="20210626 12:33:36.294"/>
</kw>
<kw name="E" library="BDDpt-BR">
<arg>na tela SHIPPING aceite o Terms of service</arg>
<kw name="Run Keyword" library="BuiltIn">
<arg>@{keyword}</arg>
<doc>Executes the given keyword with the given arguments.</doc>
<kw name="na tela SHIPPING aceite o Terms of service" library="compraspagehome_st">
<kw name="Set Selenium Speed" library="SeleniumLibrary">
<arg>0.2 seconds</arg>
<doc>Sets the delay that is waited after each Selenium command.</doc>
<status status="PASS" starttime="20210626 12:33:36.300" endtime="20210626 12:33:36.301"/>
</kw>
<kw name="Wait Until Element Is Visible" library="SeleniumLibrary">
<arg>${MYADDRESSES.cmpTitleShip}</arg>
<doc>Waits until the element ``locator`` is visible.</doc>
<status status="PASS" starttime="20210626 12:33:36.301" endtime="20210626 12:33:36.763"/>
</kw>
<kw name="Scroll Element Into View" library="SeleniumLibrary">
<arg>${MYADDRESSES.btnProcCheckOut2}</arg>
<doc>Scrolls the element identified by ``locator`` into view.</doc>
<status status="PASS" starttime="20210626 12:33:36.763" endtime="20210626 12:33:37.478"/>
</kw>
<kw name="Click Element" library="SeleniumLibrary">
<arg>${MYADDRESSES.cmpService}</arg>
<doc>Click the element identified by ``locator``.</doc>
<msg timestamp="20210626 12:33:37.478" level="INFO">Clicking element 'id:uniform-cgv'.</msg>
<status status="PASS" starttime="20210626 12:33:37.478" endtime="20210626 12:33:37.995"/>
</kw>
<kw name="Sleep" library="BuiltIn">
<arg>2s</arg>
<doc>Pauses the test executed for the given time.</doc>
<msg timestamp="20210626 12:33:39.996" level="INFO">Slept 2 seconds</msg>
<status status="PASS" starttime="20210626 12:33:37.995" endtime="20210626 12:33:39.996"/>
</kw>
<status status="PASS" starttime="20210626 12:33:36.300" endtime="20210626 12:33:39.996"/>
</kw>
<status status="PASS" starttime="20210626 12:33:36.300" endtime="20210626 12:33:39.996"/>
</kw>
<status status="PASS" starttime="20210626 12:33:36.294" endtime="20210626 12:33:39.996"/>
</kw>
<kw name="E" library="BDDpt-BR">
<arg>clique no botão Proceed to checkout2</arg>
<kw name="Run Keyword" library="BuiltIn">
<arg>@{keyword}</arg>
<doc>Executes the given keyword with the given arguments.</doc>
<kw name="clique no botão Proceed to checkout2" library="compraspagehome_st">
<kw name="Set Selenium Speed" library="SeleniumLibrary">
<arg>0.2 seconds</arg>
<doc>Sets the delay that is waited after each Selenium command.</doc>
<status status="PASS" starttime="20210626 12:33:40.005" endtime="20210626 12:33:40.005"/>
</kw>
<kw name="Click Element" library="SeleniumLibrary">
<arg>${MYADDRESSES.btnProcCheckOut2}</arg>
<doc>Click the element identified by ``locator``.</doc>
<msg timestamp="20210626 12:33:40.006" level="INFO">Clicking element 'xpath://*[@id="form"]/p/button'.</msg>
<status status="PASS" starttime="20210626 12:33:40.005" endtime="20210626 12:33:42.573"/>
</kw>
<kw name="Sleep" library="BuiltIn">
<arg>2s</arg>
<doc>Pauses the test executed for the given time.</doc>
<msg timestamp="20210626 12:33:44.576" level="INFO">Slept 2 seconds</msg>
<status status="PASS" starttime="20210626 12:33:42.573" endtime="20210626 12:33:44.576"/>
</kw>
<status status="PASS" starttime="20210626 12:33:40.005" endtime="20210626 12:33:44.576"/>
</kw>
<status status="PASS" starttime="20210626 12:33:40.003" endtime="20210626 12:33:44.576"/>
</kw>
<status status="PASS" starttime="20210626 12:33:39.996" endtime="20210626 12:33:44.576"/>
</kw>
<kw name="Então" library="BDDpt-BR">
<arg>será exibido a tela PLEASE CHOOSE YOUR PAYMENT METHOD</arg>
<kw name="Run Keyword" library="BuiltIn">
<arg>@{keyword}</arg>
<doc>Executes the given keyword with the given arguments.</doc>
<kw name="será exibido a tela PLEASE CHOOSE YOUR PAYMENT METHOD" library="compraspagehome_st">
<kw name="Set Selenium Speed" library="SeleniumLibrary">
<arg>0.2 seconds</arg>
<doc>Sets the delay that is waited after each Selenium command.</doc>
<status status="PASS" starttime="20210626 12:33:44.588" endtime="20210626 12:33:44.589"/>
</kw>
<kw name="Wait Until Element Is Visible" library="SeleniumLibrary">
<arg>${MYADDRESSES.cmpTitlePgto}</arg>
<doc>Waits until the element ``locator`` is visible.</doc>
<status status="PASS" starttime="20210626 12:33:44.589" endtime="20210626 12:33:45.046"/>
</kw>
<kw name="Scroll Element Into View" library="SeleniumLibrary">
<arg>${MYADDRESSES.lnkShopping}</arg>
<doc>Scrolls the element identified by ``locator`` into view.</doc>
<status status="PASS" starttime="20210626 12:33:45.046" endtime="20210626 12:33:45.776"/>
</kw>
<kw name="Element Should Be Visible" library="SeleniumLibrary">
<arg>${MYADDRESSES.cmpTotalProd}</arg>
<doc>Verifies that the element identified by ``locator`` is visible.</doc>
<msg timestamp="20210626 12:33:46.237" level="INFO">Element 'xpath://*[@id="total_product"][text()="$27.00"]' is displayed.</msg>
<status status="PASS" starttime="20210626 12:33:45.776" endtime="20210626 12:33:46.237"/>
</kw>
<kw name="Sleep" library="BuiltIn">
<arg>3s</arg>
<doc>Pauses the test executed for the given time.</doc>
<msg timestamp="20210626 12:33:49.247" level="INFO">Slept 3 seconds</msg>
<status status="PASS" starttime="20210626 12:33:46.237" endtime="20210626 12:33:49.247"/>
</kw>
<status status="PASS" starttime="20210626 12:33:44.586" endtime="20210626 12:33:49.247"/>
</kw>
<status status="PASS" starttime="20210626 12:33:44.584" endtime="20210626 12:33:49.247"/>
</kw>
<status status="PASS" starttime="20210626 12:33:44.576" endtime="20210626 12:33:49.247"/>
</kw>
<kw name="Fechar Navegador" library="teardown" type="TEARDOWN">
<kw name="Close Browser" library="SeleniumLibrary">
<doc>Closes the current browser.</doc>
<status status="PASS" starttime="20210626 12:33:49.251" endtime="20210626 12:33:51.580"/>
</kw>
<status status="PASS" starttime="20210626 12:33:49.247" endtime="20210626 12:33:51.580"/>
</kw>
<tag>SMOKE_Tests</tag>
<status status="PASS" starttime="20210626 12:32:28.138" endtime="20210626 12:33:51.580"/>
</test>
<doc>Funcionalidade: Compras PG Home</doc>
<status status="PASS" starttime="20210626 12:31:45.426" endtime="20210626 12:33:51.586"/>
</suite>
<statistics>
<total>
<stat pass="2" fail="0" skip="0">All Tests</stat>
</total>
<tag>
<stat pass="1" fail="0" skip="0">SMOKE_Tests</stat>
<stat pass="1" fail="0" skip="0">STRESS_Tests</stat>
</tag>
<suite>
<stat pass="2" fail="0" skip="0" id="s1" name="Compraspagehome Tc">Compraspagehome Tc</stat>
</suite>
</statistics>
<errors>
<msg timestamp="20210626 12:31:45.754" level="ERROR">Error in file 'C:\AUTOMACAO\everis\everis-automation-web\resource\main.resource' on line 14: Resource file '..\objects\login_st.resource' does not exist.</msg>
</errors>
</robot>
